Arguments: 
  C:\Program Files\nodejs\node.exe C:\Users\anton\AppData\Roaming\npm\node_modules\yarn\bin\yarn.js build

PATH: 
  C:\Program Files (x86)\Intel\Intel(R) Management Engine Components\iCLS\;C:\Program Files\Intel\Intel(R) Management Engine Components\iCLS\;C:\Windows\system32;C:\Windows;C:\Windows\System32\Wbem;C:\Windows\System32\WindowsPowerShell\v1.0\;C:\Windows\System32\OpenSSH\;C:\Program Files (x86)\NVIDIA Corporation\PhysX\Common;C:\Program Files (x86)\Intel\Intel(R) Management Engine Components\DAL;C:\Program Files\Intel\Intel(R) Management Engine Components\DAL;C:\Program Files\Intel\WiFi\bin\;C:\Program Files\Common Files\Intel\WirelessCommon\;C:\WINDOWS\system32;C:\WINDOWS;C:\WINDOWS\System32\Wbem;C:\WINDOWS\System32\WindowsPowerShell\v1.0\;C:\WINDOWS\System32\OpenSSH\;C:\Program Files\Git\cmd;C:\Program Files\Docker\Docker\resources\bin;C:\ProgramData\DockerDesktop\version-bin;C:\Program Files\AutoFirma\AutoFirma;C:\Program Files\nodejs\;C:\Users\anton\AppData\Local\Microsoft\WindowsApps;C:\Users\anton\AppData\Local\Programs\Microsoft VS Code\bin;C:\Users\anton\AppData\Local\gitkraken\bin;C:\Users\anton\AppData\Local\Google\Cloud SDK\google-cloud-sdk\bin;C:\Users\anton\AppData\Roaming\npm;C:\Users\anton\Desktop\IFCjs\tool-template\node_modules\.bin

Yarn version: 
  1.22.19

Node version: 
  18.16.1

Platform: 
  win32 x64

Trace: 
  SyntaxError: C:\Users\anton\Desktop\IFCjs\tool-template\package.json: Unexpected token } in JSON at position 144
      at JSON.parse (<anonymous>)
      at C:\Users\anton\AppData\Roaming\npm\node_modules\yarn\lib\cli.js:1629:59
      at Generator.next (<anonymous>)
      at step (C:\Users\anton\AppData\Roaming\npm\node_modules\yarn\lib\cli.js:310:30)
      at C:\Users\anton\AppData\Roaming\npm\node_modules\yarn\lib\cli.js:321:13

npm manifest: 
  {
    "name": "tool-template",
    "version": "1.0.0",
    "description": "",
    "main": "index.js",
    "scripts": {
      "build": "tsc && rollup -c",
    },
    "keywords": [],
    "author": "",
    "license": "ISC",
    "devDependencies": {
      "@rollup/plugin-commonjs": "^25.0.0",
      "@rollup/plugin-node-resolve": "^15.1.0",
      "@types/three": "^0.152.1",
      "openbim-components": "^1.0.0-alpha.74",
      "rollup": "^3.2.3",
      "three": "^0.152.2",
      "typescript": "^5.1.6"
    },
    "dependencies": {
      "bim-fragment": "^1.0.16"
    }
  }

yarn manifest: 
  No manifest

Lockfile: 
  No lockfile
